生成启动时间为 2015/11/14 19:54:11。
     1>项目“D:\程序\数据结构\链表操作\ConsoleApplication3\ConsoleApplication3.vcxproj”在节点 2 上(Build 个目标)。
     1>ClCompile:
         C:\Program Files (x86)\Microsoft Visual Studio 14.0\VC\bin\CL.exe /c /ZI /nologo /W3 /WX- /Od /Oy- /D WIN32 /D _DEBUG /D _CONSOLE /D _UNICODE /D UNICODE /Gm /EHsc /RTC1 /MDd /GS /fp:precise /Zc:wchar_t /Zc:forScope /Zc:inline /Fo"Debug\\" /Fd"Debug\vc140.pdb" /Gd /TP /analyze- /errorReport:prompt "源.cpp"
         源.cpp
     1>d:\程序\数据结构\链表操作\consoleapplication3\源.cpp(44): warning C4996: 'scanf': This function or variable may be unsafe. Consider using scanf_s instead. To disable deprecation, use _CRT_SECURE_NO_WARNINGS. See online help for details.
         c:\program files (x86)\windows kits\10\include\10.0.10150.0\ucrt\stdio.h(1270): note: 参见“scanf”的声明
     1>d:\程序\数据结构\链表操作\consoleapplication3\源.cpp(48): warning C4996: 'scanf': This function or variable may be unsafe. Consider using scanf_s instead. To disable deprecation, use _CRT_SECURE_NO_WARNINGS. See online help for details.
         c:\program files (x86)\windows kits\10\include\10.0.10150.0\ucrt\stdio.h(1270): note: 参见“scanf”的声明
     1>d:\程序\数据结构\链表操作\consoleapplication3\源.cpp(119): warning C4996: 'scanf': This function or variable may be unsafe. Consider using scanf_s instead. To disable deprecation, use _CRT_SECURE_NO_WARNINGS. See online help for details.
         c:\program files (x86)\windows kits\10\include\10.0.10150.0\ucrt\stdio.h(1270): note: 参见“scanf”的声明
     1>d:\程序\数据结构\链表操作\consoleapplication3\源.cpp(142): warning C4473: “scanf”: 没有为格式字符串传递足够的参数
         d:\程序\数据结构\链表操作\consoleapplication3\源.cpp(142): note: placeholders and their parameters expect 2 variadic arguments, but 1 were provided
         d:\程序\数据结构\链表操作\consoleapplication3\源.cpp(142): note: the missing variadic argument 2 is required by format string '%d'
     1>d:\程序\数据结构\链表操作\consoleapplication3\源.cpp(142): warning C4996: 'scanf': This function or variable may be unsafe. Consider using scanf_s instead. To disable deprecation, use _CRT_SECURE_NO_WARNINGS. See online help for details.
         c:\program files (x86)\windows kits\10\include\10.0.10150.0\ucrt\stdio.h(1270): note: 参见“scanf”的声明
     1>d:\程序\数据结构\链表操作\consoleapplication3\源.cpp(24): warning C4700: 使用了未初始化的局部变量“Lc”
       Link:
         C:\Program Files (x86)\Microsoft Visual Studio 14.0\VC\bin\link.exe /ERRORREPORT:PROMPT /OUT:"D:\程序\数据结构\链表操作\Debug\ConsoleApplication3.exe" /INCREMENTAL /NOLOGO kernel32.lib user32.lib gdi32.lib winspool.lib comdlg32.lib advapi32.lib shell32.lib ole32.lib oleaut32.lib uuid.lib odbc32.lib odbccp32.lib /MANIFEST /MANIFESTUAC:"level='asInvoker' uiAccess='false'" /manifest:embed /Debug /PDB:"D:\程序\数据结构\链表操作\Debug\ConsoleApplication3.pdb" /SUBSYSTEM:CONSOLE /TLBID:1 /DYNAMICBASE /NXCOMPAT /IMPLIB:"D:\程序\数据结构\链表操作\Debug\ConsoleApplication3.lib" /MACHINE:X86 "Debug\源.obj"
         ConsoleApplication3.vcxproj -> D:\程序\数据结构\链表操作\Debug\ConsoleApplication3.exe
     1>已完成生成项目“D:\程序\数据结构\链表操作\ConsoleApplication3\ConsoleApplication3.vcxproj”(Build 个目标)的操作。

已成功生成。

已用时间 00:00:03.22
